<?xml version="1.0" encoding="UTF-8"?>
<!-- Generated by org.testng.reporters.JUnitXMLReporter -->
<testsuite ignored="2" hostname="LAPTOP-ADJJAG8R" failures="0" tests="1" name="Test" time="7.996" errors="0" timestamp="09 Nov 2021 15:01:09 GMT">
  <testcase classname="Testpage.TestLogin" name="verifyLoginPage" time="7.939"/>
  <testcase classname="Base.BaseSetup" name="@BeforeSuite initializeTestBaseSetup" time="0.0">
    <ignored/>
  </testcase> <!-- @BeforeSuite initializeTestBaseSetup -->
  <testcase classname="Base.BaseSetup" name="@AfterSuite tearDown" time="0.0">
    <ignored/>
  </testcase> <!-- @AfterSuite tearDown -->
</testsuite> <!-- Test -->
