<?xml version="1.0" encoding="UTF-8"?>
<testng-results ignored="2" total="3" passed="1" failed="0" skipped="0">
  <reporter-output>
  </reporter-output>
  <suite started-at="2021-11-09T15:01:01Z" name="Suite" finished-at="2021-11-09T15:01:09Z" duration-ms="7996">
    <groups>
    </groups>
    <test started-at="2021-11-09T15:01:01Z" name="Test" finished-at="2021-11-09T15:01:09Z" duration-ms="7996">
      <class name="Testpage.TestLogin">
        <test-method is-config="true" signature="initializeTestBaseSetup()[pri:0, instance:Testpage.TestLogin@282cb7c7]" started-at="2021-11-09T15:00:55Z" name="initializeTestBaseSetup" finished-at="2021-11-09T15:01:01Z" duration-ms="6136" status="PASS">
          <reporter-output>
          </reporter-output>
        </test-method> <!-- initializeTestBaseSetup -->
        <test-method is-config="true" signature="setUp()[pri:0, instance:Testpage.TestLogin@282cb7c7]" started-at="2021-11-09T15:01:01Z" name="setUp" finished-at="2021-11-09T15:01:01Z" duration-ms="1" status="PASS">
          <reporter-output>
          </reporter-output>
        </test-method> <!-- setUp -->
        <test-method signature="verifyLoginPage()[pri:0, instance:Testpage.TestLogin@282cb7c7]" started-at="2021-11-09T15:01:01Z" name="verifyLoginPage" finished-at="2021-11-09T15:01:09Z" duration-ms="7939" status="PASS">
          <reporter-output>
          </reporter-output>
        </test-method> <!-- verifyLoginPage -->
        <test-method is-config="true" signature="tearDown()[pri:0, instance:Testpage.TestLogin@282cb7c7]" started-at="2021-11-09T15:01:09Z" name="tearDown" finished-at="2021-11-09T15:01:09Z" duration-ms="285" status="PASS">
          <reporter-output>
          </reporter-output>
        </test-method> <!-- tearDown -->
      </class> <!-- Testpage.TestLogin -->
    </test> <!-- Test -->
  </suite> <!-- Suite -->
</testng-results>
