<?xml version="1.0" encoding="UTF-8"?>
<testng-results ignored="0" total="1" passed="1" failed="0" skipped="0">
  <reporter-output>
  </reporter-output>
  <suite started-at="2021-11-09T15:00:02Z" name="Default suite" finished-at="2021-11-09T15:00:10Z" duration-ms="8415">
    <groups>
    </groups>
    <test started-at="2021-11-09T15:00:02Z" name="Default test" finished-at="2021-11-09T15:00:10Z" duration-ms="8415">
      <class name="Testpage.TestLogin">
        <test-method is-config="true" signature="initializeTestBaseSetup()[pri:0, instance:Testpage.TestLogin@7fcf2fc1]" started-at="2021-11-09T14:59:54Z" name="initializeTestBaseSetup" finished-at="2021-11-09T15:00:02Z" duration-ms="7357" status="PASS">
          <reporter-output>
          </reporter-output>
        </test-method> <!-- initializeTestBaseSetup -->
        <test-method is-config="true" signature="setUp()[pri:0, instance:Testpage.TestLogin@7fcf2fc1]" started-at="2021-11-09T15:00:02Z" name="setUp" finished-at="2021-11-09T15:00:02Z" duration-ms="1" status="PASS">
          <reporter-output>
          </reporter-output>
        </test-method> <!-- setUp -->
        <test-method signature="verifyLoginPage()[pri:0, instance:Testpage.TestLogin@7fcf2fc1]" started-at="2021-11-09T15:00:02Z" name="verifyLoginPage" finished-at="2021-11-09T15:00:10Z" duration-ms="8334" status="PASS">
          <reporter-output>
          </reporter-output>
        </test-method> <!-- verifyLoginPage -->
        <test-method is-config="true" signature="tearDown()[pri:0, instance:Testpage.TestLogin@7fcf2fc1]" started-at="2021-11-09T15:00:10Z" name="tearDown" finished-at="2021-11-09T15:00:10Z" duration-ms="337" status="PASS">
          <reporter-output>
          </reporter-output>
        </test-method> <!-- tearDown -->
      </class> <!-- Testpage.TestLogin -->
    </test> <!-- Default test -->
  </suite> <!-- Default suite -->
</testng-results>
